d:\учеба\3 сем\аоод\лаб\lab4\lab4\debug\lab4.pch
d:\учеба\3 сем\аоод\лаб\lab4\lab4\debug\vc142.pdb
d:\учеба\3 сем\аоод\лаб\lab4\lab4\debug\pch.obj
d:\учеба\3 сем\аоод\лаб\lab4\lab4\debug\lab4.obj
d:\учеба\3 сем\аоод\лаб\lab4\lab4\debug\data.obj
d:\учеба\3 сем\аоод\лаб\lab4\lab4\debug\assemblyinfo.obj
d:\учеба\3 сем\аоод\лаб\lab4\lab4\debug\.netframework,version=v4.8.assemblyattributes.obj
d:\учеба\3 сем\аоод\лаб\lab4\lab4\debug\lab4.exe
d:\учеба\3 сем\аоод\лаб\lab4\lab4\debug\lab4.pdb
d:\учеба\3 сем\аоод\лаб\lab4\lab4\debug\app.res
d:\учеба\3 сем\аоод\лаб\lab4\lab4\debug\lab4.exe.metagen
d:\учеба\3 сем\аоод\лаб\lab4\lab4\debug\lab4.tlog\cl.command.1.tlog
d:\учеба\3 сем\аоод\лаб\lab4\lab4\debug\lab4.tlog\cl.read.1.tlog
d:\учеба\3 сем\аоод\лаб\lab4\lab4\debug\lab4.tlog\cl.write.1.tlog
d:\учеба\3 сем\аоод\лаб\lab4\lab4\debug\lab4.tlog\link.command.1.tlog
d:\учеба\3 сем\аоод\лаб\lab4\lab4\debug\lab4.tlog\link.read.1.tlog
d:\учеба\3 сем\аоод\лаб\lab4\lab4\debug\lab4.tlog\link.write.1.tlog
d:\учеба\3 сем\аоод\лаб\lab4\lab4\debug\lab4.tlog\metagen.read.1.tlog
d:\учеба\3 сем\аоод\лаб\lab4\lab4\debug\lab4.tlog\metagen.write.1.tlog
d:\учеба\3 сем\аоод\лаб\lab4\lab4\debug\lab4.tlog\rc.command.1.tlog
d:\учеба\3 сем\аоод\лаб\lab4\lab4\debug\lab4.tlog\rc.read.1.tlog
d:\учеба\3 сем\аоод\лаб\lab4\lab4\debug\lab4.tlog\rc.write.1.tlog
